2020-05-30 10:53:15 {TC1} (main:) Signin successfully
2020-05-30 10:53:34 {TC1} (main:) TC1 completed
2020-05-30 10:53:52 {TC2} (main:) TC2 started
2020-05-30 10:54:10 {TC2} (main:) Clicked Subscription
2020-05-30 10:54:17 {TC2} (main:) TC2 completed
2020-05-30 10:54:34 {TC3} (main:) TC3 Started
2020-05-30 10:54:53 {TC3} (main:) Clicked Library
2020-05-30 10:55:02 {TC3} (main:) TC3 Completed
2020-05-30 10:55:20 {TC4} (main:) TC4 Started
2020-05-30 10:55:47 {TC5} (main:) TC5 Started
2020-05-30 10:56:05 {TC5} (main:) Playing 5th Video
2020-05-30 10:56:08 {TC5} (main:) Liked Video
2020-05-30 10:56:19 {TC5} (main:) TC5 complete
2020-05-30 10:56:37 {TC6} (main:) TC6 Started
2020-05-30 10:57:04 {TC6} (main:) Video Already subscribed
2020-05-30 10:57:19 {TC6} (main:) TC6 complete
2020-05-30 10:57:37 {TC7} (main:) TC7 Started
2020-05-30 10:58:15 {TC7} (main:) Posted Comments
2020-05-30 10:58:29 {TC7} (main:) TC7 Complete
2020-05-30 13:48:53 {TC1} (main:) Signin successfully
2020-05-30 13:50:46 {TC1} (main:) Signin successfully
2020-05-30 13:55:59 {TC1} (main:) Signin successfully
2020-05-30 14:38:48 {TC1} (main:) Signin successfully
2020-05-30 14:39:10 {TC1} (main:) TC1 completed
2020-05-30 19:59:23 {TC1} (main:) Sign in
2020-05-30 20:01:35 {TC1} (main:) Sign in
2020-05-30 20:03:46 {TC1} (main:) Sign in
2020-05-30 20:04:15 {TC1} (main:) Sign Out
2020-05-30 21:42:08 {TC1} (main:) Signin successfully
2020-05-30 21:42:28 {TC1} (main:) TC1 completed
2020-05-30 21:42:46 {TC2} (main:) TC2 started
2020-05-30 21:43:04 {TC2} (main:) Clicked Subscription
2020-05-30 21:43:16 {TC2} (main:) TC2 completed
2020-05-30 21:43:33 {TC3} (main:) TC3 Started
2020-05-30 21:43:52 {TC3} (main:) Clicked Library
2020-05-30 21:44:00 {TC3} (main:) TC3 Completed
2020-05-30 21:44:19 {TC4} (main:) TC4 Started
2020-05-30 21:44:39 {TC4} (main:) Clicked History
2020-05-30 21:44:54 {TC4} (main:) TC4 Complete
2020-05-30 21:45:11 {TC5} (main:) TC5 Started
2020-05-30 21:45:30 {TC5} (main:) Playing 5th Video
2020-05-30 21:45:33 {TC5} (main:) Liked Video
2020-05-30 21:45:50 {TC5} (main:) TC5 complete
2020-05-30 21:46:10 {TC6} (main:) TC6 Started
2020-05-30 21:46:39 {TC6} (main:) Video Already subscribed
2020-05-30 21:46:55 {TC6} (main:) TC6 complete
2020-05-30 21:47:16 {TC7} (main:) TC7 Started
2020-05-30 21:47:56 {TC7} (main:) Posted Comments
2020-05-30 21:48:11 {TC7} (main:) TC7 Complete
2020-05-31 09:02:12 {TC1} (main:) Signin successfully
2020-05-31 09:02:32 {TC1} (main:) TC1 completed
2020-05-31 09:05:15 {TC1} (main:) Signin successfully
2020-05-31 09:05:34 {TC1} (main:) TC1 completed
2020-05-31 09:06:51 {TC1} (main:) Signin successfully
2020-05-31 09:07:11 {TC1} (main:) TC1 completed
2020-05-31 09:07:29 {TC2} (main:) TC2 started
2020-05-31 09:07:49 {TC2} (main:) Clicked Subscription
2020-05-31 09:07:58 {TC2} (main:) TC2 completed
2020-05-31 09:08:15 {TC3} (main:) TC3 Started
2020-05-31 09:08:35 {TC3} (main:) Clicked Library
2020-05-31 09:08:43 {TC3} (main:) TC3 Completed
2020-05-31 09:09:00 {TC4} (main:) TC4 Started
2020-05-31 09:09:19 {TC4} (main:) Clicked History
2020-05-31 09:09:32 {TC4} (main:) TC4 Complete
2020-05-31 09:09:50 {TC6} (main:) TC6 Started
2020-05-31 09:10:19 {TC6} (main:) Video Already subscribed
2020-05-31 09:10:39 {TC6} (main:) TC6 complete
2020-05-31 09:28:39 {TC1} (main:) Signin successfully
2020-05-31 09:28:57 {TC1} (main:) TC1 completed
2020-05-31 09:29:15 {TC2} (main:) TC2 started
2020-05-31 09:29:33 {TC2} (main:) Clicked Subscription
2020-05-31 09:29:42 {TC2} (main:) TC2 completed
